[2025-04-16 11:57:38.181517] Error for MYD88: Error: `group` must be NULL or a vector of the same length as the number of columns in `control`.
[2025-04-16 11:57:38.507065] Error for IKBKG: Error: `group` must be NULL or a vector of the same length as the number of columns in `control`.
[2025-04-16 11:57:38.747938] Error for TAB1: Error: `group` must be NULL or a vector of the same length as the number of columns in `control`.
[2025-04-16 11:57:38.793496] Error for IFNAR1: Error: `group` must be NULL or a vector of the same length as the number of columns in `control`.
[2025-04-16 11:57:38.839126] Error for TXNDC17: Error: `group` must be NULL or a vector of the same length as the number of columns in `control`.
[2025-04-16 11:57:38.895281] Error for FLI1: Error: `group` must be NULL or a vector of the same length as the number of columns in `control`.
[2025-04-16 11:57:39.13959] Error for MAPK14: Error: `group` must be NULL or a vector of the same length as the number of columns in `control`.
[2025-04-16 11:57:39.164605] Error for KIDINS220: Error: `group` must be NULL or a vector of the same length as the number of columns in `control`.
[2025-04-16 11:57:39.204302] Error for MAP2K1: Error: `group` must be NULL or a vector of the same length as the number of columns in `control`.
[2025-04-16 11:57:39.434804] Error for YEATS4: Error: `group` must be NULL or a vector of the same length as the number of columns in `control`.
[2025-04-16 11:57:39.46121] Error for ATXN7L3: Error: `group` must be NULL or a vector of the same length as the number of columns in `control`.
[2025-04-16 11:57:39.500577] Error for AHR: Error: `group` must be NULL or a vector of the same length as the number of columns in `control`.
[2025-04-16 11:57:39.536957] Error for PRDM1: Error: `group` must be NULL or a vector of the same length as the number of columns in `control`.
[2025-04-16 11:57:39.774073] Error for TNFAIP3: Error: `group` must be NULL or a vector of the same length as the number of columns in `control`.
[2025-04-16 11:57:39.799692] Error for JUNB: Error: `group` must be NULL or a vector of the same length as the number of columns in `control`.
[2025-04-16 11:57:39.849862] Error for TIRAP: Error: `group` must be NULL or a vector of the same length as the number of columns in `control`.
[2025-04-16 11:57:39.891645] Error for TRIB1: Error: `group` must be NULL or a vector of the same length as the number of columns in `control`.
[2025-04-16 11:57:40.128325] Error for PICALM: Error: `group` must be NULL or a vector of the same length as the number of columns in `control`.
[2025-04-16 11:57:40.153458] Error for EHMT2: Error: `group` must be NULL or a vector of the same length as the number of columns in `control`.
[2025-04-16 11:57:40.187219] Error for STAT1: Error: `group` must be NULL or a vector of the same length as the number of columns in `control`.
[2025-04-16 11:57:40.234789] Error for RELA: Error: `group` must be NULL or a vector of the same length as the number of columns in `control`.
[2025-04-16 11:57:40.464862] Error for TLR1: Error: `group` must be NULL or a vector of the same length as the number of columns in `control`.
[2025-04-16 11:57:40.491582] Error for CEBPG: Error: `group` must be NULL or a vector of the same length as the number of columns in `control`.
[2025-04-16 11:57:40.543112] Error for IRAK1: Error: `group` must be NULL or a vector of the same length as the number of columns in `control`.
[2025-04-16 11:57:40.774249] Error for MAP2K2: Error: `group` must be NULL or a vector of the same length as the number of columns in `control`.
[2025-04-16 11:57:40.798706] Error for DNTTIP1: Error: `group` must be NULL or a vector of the same length as the number of columns in `control`.
[2025-04-16 11:57:40.835567] Error for HSP90B1: Error: `group` must be NULL or a vector of the same length as the number of columns in `control`.
[2025-04-16 11:57:40.880589] Error for IRAK4: Error: `group` must be NULL or a vector of the same length as the number of columns in `control`.
[2025-04-16 11:57:41.113086] Error for TRAF6: Error: `group` must be NULL or a vector of the same length as the number of columns in `control`.
[2025-04-16 11:57:41.145652] Error for IKBKB: Error: `group` must be NULL or a vector of the same length as the number of columns in `control`.
[2025-04-16 11:57:41.19489] Error for RNF31: Error: `group` must be NULL or a vector of the same length as the number of columns in `control`.
[2025-04-16 11:57:41.241742] Error for MEF2C: Error: `group` must be NULL or a vector of the same length as the number of columns in `control`.
[2025-04-16 11:57:41.474559] Error for SBDS: Error: `group` must be NULL or a vector of the same length as the number of columns in `control`.
[2025-04-16 11:57:41.499243] Error for CSNK1A1: Error: `group` must be NULL or a vector of the same length as the number of columns in `control`.
[2025-04-16 11:57:41.537097] Error for ARPC4: Error: `group` must be NULL or a vector of the same length as the number of columns in `control`.
[2025-04-16 11:57:41.590057] Error for PPP2R1A: Error: `group` must be NULL or a vector of the same length as the number of columns in `control`.
[2025-04-16 11:57:41.615511] Error for MIDN: Error: `group` must be NULL or a vector of the same length as the number of columns in `control`.
[2025-04-16 11:57:41.640664] Error for XPR1: Error: `group` must be NULL or a vector of the same length as the number of columns in `control`.
[2025-04-16 11:57:41.68588] Error for TYK2: Error: `group` must be NULL or a vector of the same length as the number of columns in `control`.
[2025-04-16 11:57:41.722383] Error for CYLD: Error: `group` must be NULL or a vector of the same length as the number of columns in `control`.
[2025-04-16 11:57:41.766923] Error for ADO: Error: `group` must be NULL or a vector of the same length as the number of columns in `control`.
[2025-04-16 11:57:41.799072] Error for PGM3: Error: `group` must be NULL or a vector of the same length as the number of columns in `control`.
[2025-04-16 11:57:42.023818] Error for MAPK1: Error: `group` must be NULL or a vector of the same length as the number of columns in `control`.
[2025-04-16 11:57:42.048301] Error for TLR2: Error: `group` must be NULL or a vector of the same length as the number of columns in `control`.
[2025-04-16 11:57:42.085892] Error for STK11: Error: `group` must be NULL or a vector of the same length as the number of columns in `control`.
[2025-04-16 11:57:42.12687] Error for SEPHS2: Error: `group` must be NULL or a vector of the same length as the number of columns in `control`.
[2025-04-16 11:57:42.151582] Error for STAT2: Error: `group` must be NULL or a vector of the same length as the number of columns in `control`.
[2025-04-16 11:57:42.18793] Error for MAP3K7: Error: `group` must be NULL or a vector of the same length as the number of columns in `control`.
[2025-04-16 11:57:42.248041] Error for RAB5C: Error: `group` must be NULL or a vector of the same length as the number of columns in `control`.
[2025-04-16 11:57:42.279717] Error for ALG2: Error: `group` must be NULL or a vector of the same length as the number of columns in `control`.
[2025-04-16 11:58:15.723471] Error for MYD88: Error: `group` must be NULL or a vector of the same length as the number of columns in `control`.
[2025-04-16 11:58:15.757968] Error for IKBKG: Error: `group` must be NULL or a vector of the same length as the number of columns in `control`.
[2025-04-16 11:58:15.797694] Error for TAB1: Error: `group` must be NULL or a vector of the same length as the number of columns in `control`.
[2025-04-16 11:58:15.835134] Error for IFNAR1: Error: `group` must be NULL or a vector of the same length as the number of columns in `control`.
[2025-04-16 11:58:15.873804] Error for TXNDC17: Error: `group` must be NULL or a vector of the same length as the number of columns in `control`.
[2025-04-16 11:58:15.906762] Error for FLI1: Error: `group` must be NULL or a vector of the same length as the number of columns in `control`.
[2025-04-16 11:58:16.145573] Error for MAPK14: Error: `group` must be NULL or a vector of the same length as the number of columns in `control`.
[2025-04-16 11:58:16.174635] Error for KIDINS220: Error: `group` must be NULL or a vector of the same length as the number of columns in `control`.
[2025-04-16 11:58:16.212579] Error for MAP2K1: Error: `group` must be NULL or a vector of the same length as the number of columns in `control`.
[2025-04-16 11:58:16.269106] Error for YEATS4: Error: `group` must be NULL or a vector of the same length as the number of columns in `control`.
[2025-04-16 11:58:16.30066] Error for ATXN7L3: Error: `group` must be NULL or a vector of the same length as the number of columns in `control`.
[2025-04-16 11:58:16.340398] Error for AHR: Error: `group` must be NULL or a vector of the same length as the number of columns in `control`.
[2025-04-16 11:58:16.380521] Error for PRDM1: Error: `group` must be NULL or a vector of the same length as the number of columns in `control`.
[2025-04-16 11:58:16.613845] Error for TNFAIP3: Error: `group` must be NULL or a vector of the same length as the number of columns in `control`.
[2025-04-16 11:58:16.644815] Error for JUNB: Error: `group` must be NULL or a vector of the same length as the number of columns in `control`.
[2025-04-16 11:58:16.686724] Error for TIRAP: Error: `group` must be NULL or a vector of the same length as the number of columns in `control`.
[2025-04-16 11:58:16.728056] Error for TRIB1: Error: `group` must be NULL or a vector of the same length as the number of columns in `control`.
[2025-04-16 11:58:16.957748] Error for PICALM: Error: `group` must be NULL or a vector of the same length as the number of columns in `control`.
[2025-04-16 11:58:16.981891] Error for EHMT2: Error: `group` must be NULL or a vector of the same length as the number of columns in `control`.
[2025-04-16 11:58:17.019053] Error for STAT1: Error: `group` must be NULL or a vector of the same length as the number of columns in `control`.
[2025-04-16 11:58:17.254649] Error for RELA: Error: `group` must be NULL or a vector of the same length as the number of columns in `control`.
[2025-04-16 11:58:17.280706] Error for TLR1: Error: `group` must be NULL or a vector of the same length as the number of columns in `control`.
[2025-04-16 11:58:17.316448] Error for CEBPG: Error: `group` must be NULL or a vector of the same length as the number of columns in `control`.
[2025-04-16 11:58:17.358577] Error for IRAK1: Error: `group` must be NULL or a vector of the same length as the number of columns in `control`.
[2025-04-16 11:58:17.586058] Error for MAP2K2: Error: `group` must be NULL or a vector of the same length as the number of columns in `control`.
[2025-04-16 11:58:17.620052] Error for DNTTIP1: Error: `group` must be NULL or a vector of the same length as the number of columns in `control`.
[2025-04-16 11:58:17.657333] Error for HSP90B1: Error: `group` must be NULL or a vector of the same length as the number of columns in `control`.
[2025-04-16 11:58:17.697391] Error for IRAK4: Error: `group` must be NULL or a vector of the same length as the number of columns in `control`.
[2025-04-16 11:58:17.941859] Error for TRAF6: Error: `group` must be NULL or a vector of the same length as the number of columns in `control`.
[2025-04-16 11:58:17.966687] Error for IKBKB: Error: `group` must be NULL or a vector of the same length as the number of columns in `control`.
[2025-04-16 11:58:18.005997] Error for RNF31: Error: `group` must be NULL or a vector of the same length as the number of columns in `control`.
[2025-04-16 11:58:18.047149] Error for MEF2C: Error: `group` must be NULL or a vector of the same length as the number of columns in `control`.
[2025-04-16 11:58:18.278556] Error for SBDS: Error: `group` must be NULL or a vector of the same length as the number of columns in `control`.
[2025-04-16 11:58:18.303324] Error for CSNK1A1: Error: `group` must be NULL or a vector of the same length as the number of columns in `control`.
[2025-04-16 11:58:18.339002] Error for ARPC4: Error: `group` must be NULL or a vector of the same length as the number of columns in `control`.
[2025-04-16 11:58:18.382011] Error for PPP2R1A: Error: `group` must be NULL or a vector of the same length as the number of columns in `control`.
[2025-04-16 11:58:18.616494] Error for MIDN: Error: `group` must be NULL or a vector of the same length as the number of columns in `control`.
[2025-04-16 11:58:18.642253] Error for XPR1: Error: `group` must be NULL or a vector of the same length as the number of columns in `control`.
[2025-04-16 11:58:18.680807] Error for TYK2: Error: `group` must be NULL or a vector of the same length as the number of columns in `control`.
[2025-04-16 11:58:18.72367] Error for CYLD: Error: `group` must be NULL or a vector of the same length as the number of columns in `control`.
[2025-04-16 11:58:18.956933] Error for ADO: Error: `group` must be NULL or a vector of the same length as the number of columns in `control`.
[2025-04-16 11:58:18.980987] Error for PGM3: Error: `group` must be NULL or a vector of the same length as the number of columns in `control`.
[2025-04-16 11:58:19.024265] Error for MAPK1: Error: `group` must be NULL or a vector of the same length as the number of columns in `control`.
[2025-04-16 11:58:19.065606] Error for TLR2: Error: `group` must be NULL or a vector of the same length as the number of columns in `control`.
[2025-04-16 11:58:19.296447] Error for STK11: Error: `group` must be NULL or a vector of the same length as the number of columns in `control`.
[2025-04-16 11:58:19.319534] Error for SEPHS2: Error: `group` must be NULL or a vector of the same length as the number of columns in `control`.
[2025-04-16 11:58:19.35474] Error for STAT2: Error: `group` must be NULL or a vector of the same length as the number of columns in `control`.
[2025-04-16 11:58:19.398393] Error for MAP3K7: Error: `group` must be NULL or a vector of the same length as the number of columns in `control`.
[2025-04-16 11:58:19.631758] Error for RAB5C: Error: `group` must be NULL or a vector of the same length as the number of columns in `control`.
[2025-04-16 11:58:19.65677] Error for ALG2: Error: `group` must be NULL or a vector of the same length as the number of columns in `control`.
[2025-04-16 12:00:16.504595] Error for MYD88: Error: `group` must be NULL or a vector of the same length as the number of columns in `control`.
[2025-04-16 12:00:16.535962] Error for IKBKG: Error: `group` must be NULL or a vector of the same length as the number of columns in `control`.
[2025-04-16 12:00:16.577415] Error for TAB1: Error: `group` must be NULL or a vector of the same length as the number of columns in `control`.
[2025-04-16 12:00:16.626652] Error for IFNAR1: Error: `group` must be NULL or a vector of the same length as the number of columns in `control`.
[2025-04-16 12:00:16.654843] Error for TXNDC17: Error: `group` must be NULL or a vector of the same length as the number of columns in `control`.
[2025-04-16 12:00:16.708843] Error for FLI1: Error: `group` must be NULL or a vector of the same length as the number of columns in `control`.
[2025-04-16 12:00:16.751637] Error for MAPK14: Error: `group` must be NULL or a vector of the same length as the number of columns in `control`.
[2025-04-16 12:00:16.804099] Error for KIDINS220: Error: `group` must be NULL or a vector of the same length as the number of columns in `control`.
[2025-04-16 12:00:16.850153] Error for MAP2K1: Error: `group` must be NULL or a vector of the same length as the number of columns in `control`.
[2025-04-16 12:00:16.889306] Error for YEATS4: Error: `group` must be NULL or a vector of the same length as the number of columns in `control`.
[2025-04-16 12:00:16.919729] Error for ATXN7L3: Error: `group` must be NULL or a vector of the same length as the number of columns in `control`.
[2025-04-16 12:00:17.15751] Error for AHR: Error: `group` must be NULL or a vector of the same length as the number of columns in `control`.
[2025-04-16 12:00:17.18458] Error for PRDM1: Error: `group` must be NULL or a vector of the same length as the number of columns in `control`.
[2025-04-16 12:00:17.22982] Error for TNFAIP3: Error: `group` must be NULL or a vector of the same length as the number of columns in `control`.
[2025-04-16 12:00:17.257494] Error for JUNB: Error: `group` must be NULL or a vector of the same length as the number of columns in `control`.
[2025-04-16 12:00:17.326205] Error for TIRAP: Error: `group` must be NULL or a vector of the same length as the number of columns in `control`.
[2025-04-16 12:00:17.387945] Error for TRIB1: Error: `group` must be NULL or a vector of the same length as the number of columns in `control`.
[2025-04-16 12:00:17.415724] Error for PICALM: Error: `group` must be NULL or a vector of the same length as the number of columns in `control`.
[2025-04-16 12:00:17.457087] Error for EHMT2: Error: `group` must be NULL or a vector of the same length as the number of columns in `control`.
[2025-04-16 12:00:17.505698] Error for STAT1: Error: `group` must be NULL or a vector of the same length as the number of columns in `control`.
[2025-04-16 12:00:17.530774] Error for RELA: Error: `group` must be NULL or a vector of the same length as the number of columns in `control`.
[2025-04-16 12:00:17.567055] Error for TLR1: Error: `group` must be NULL or a vector of the same length as the number of columns in `control`.
[2025-04-16 12:00:17.610505] Error for CEBPG: Error: `group` must be NULL or a vector of the same length as the number of columns in `control`.
[2025-04-16 12:00:17.846191] Error for IRAK1: Error: `group` must be NULL or a vector of the same length as the number of columns in `control`.
[2025-04-16 12:00:17.873245] Error for MAP2K2: Error: `group` must be NULL or a vector of the same length as the number of columns in `control`.
[2025-04-16 12:00:17.926994] Error for DNTTIP1: Error: `group` must be NULL or a vector of the same length as the number of columns in `control`.
[2025-04-16 12:00:17.953044] Error for HSP90B1: Error: `group` must be NULL or a vector of the same length as the number of columns in `control`.
[2025-04-16 12:00:17.986177] Error for IRAK4: Error: `group` must be NULL or a vector of the same length as the number of columns in `control`.
[2025-04-16 12:00:18.037175] Error for TRAF6: Error: `group` must be NULL or a vector of the same length as the number of columns in `control`.
[2025-04-16 12:00:18.061747] Error for IKBKB: Error: `group` must be NULL or a vector of the same length as the number of columns in `control`.
[2025-04-16 12:00:18.100193] Error for RNF31: Error: `group` must be NULL or a vector of the same length as the number of columns in `control`.
[2025-04-16 12:00:18.146754] Error for MEF2C: Error: `group` must be NULL or a vector of the same length as the number of columns in `control`.
[2025-04-16 12:00:18.172207] Error for SBDS: Error: `group` must be NULL or a vector of the same length as the number of columns in `control`.
[2025-04-16 12:00:18.205506] Error for CSNK1A1: Error: `group` must be NULL or a vector of the same length as the number of columns in `control`.
[2025-04-16 12:00:18.444959] Error for ARPC4: Error: `group` must be NULL or a vector of the same length as the number of columns in `control`.
[2025-04-16 12:00:18.468564] Error for PPP2R1A: Error: `group` must be NULL or a vector of the same length as the number of columns in `control`.
[2025-04-16 12:00:18.503816] Error for MIDN: Error: `group` must be NULL or a vector of the same length as the number of columns in `control`.
[2025-04-16 12:00:18.539918] Error for XPR1: Error: `group` must be NULL or a vector of the same length as the number of columns in `control`.
[2025-04-16 12:00:18.567614] Error for TYK2: Error: `group` must be NULL or a vector of the same length as the number of columns in `control`.
[2025-04-16 12:00:18.602123] Error for CYLD: Error: `group` must be NULL or a vector of the same length as the number of columns in `control`.
[2025-04-16 12:00:18.652177] Error for ADO: Error: `group` must be NULL or a vector of the same length as the number of columns in `control`.
[2025-04-16 12:00:18.677495] Error for PGM3: Error: `group` must be NULL or a vector of the same length as the number of columns in `control`.
[2025-04-16 12:00:18.71725] Error for MAPK1: Error: `group` must be NULL or a vector of the same length as the number of columns in `control`.
[2025-04-16 12:00:18.759527] Error for TLR2: Error: `group` must be NULL or a vector of the same length as the number of columns in `control`.
[2025-04-16 12:00:18.797811] Error for STK11: Error: `group` must be NULL or a vector of the same length as the number of columns in `control`.
[2025-04-16 12:00:19.035045] Error for SEPHS2: Error: `group` must be NULL or a vector of the same length as the number of columns in `control`.
[2025-04-16 12:00:19.060905] Error for STAT2: Error: `group` must be NULL or a vector of the same length as the number of columns in `control`.
[2025-04-16 12:00:19.103771] Error for MAP3K7: Error: `group` must be NULL or a vector of the same length as the number of columns in `control`.
[2025-04-16 12:00:19.130997] Error for RAB5C: Error: `group` must be NULL or a vector of the same length as the number of columns in `control`.
[2025-04-16 12:00:19.171795] Error for ALG2: Error: `group` must be NULL or a vector of the same length as the number of columns in `control`.
[2025-04-16 12:00:54.351399] Error for MYD88: Error: `group` must be NULL or a vector of the same length as the number of columns in `control`.
[2025-04-16 12:00:54.402454] Error for IKBKG: Error: `group` must be NULL or a vector of the same length as the number of columns in `control`.
[2025-04-16 12:00:54.460045] Error for TAB1: Error: `group` must be NULL or a vector of the same length as the number of columns in `control`.
[2025-04-16 12:00:54.69593] Error for IFNAR1: Error: `group` must be NULL or a vector of the same length as the number of columns in `control`.
[2025-04-16 12:00:54.721838] Error for TXNDC17: Error: `group` must be NULL or a vector of the same length as the number of columns in `control`.
[2025-04-16 12:00:54.76068] Error for FLI1: Error: `group` must be NULL or a vector of the same length as the number of columns in `control`.
[2025-04-16 12:00:54.803004] Error for MAPK14: Error: `group` must be NULL or a vector of the same length as the number of columns in `control`.
[2025-04-16 12:00:55.040211] Error for KIDINS220: Error: `group` must be NULL or a vector of the same length as the number of columns in `control`.
[2025-04-16 12:00:55.068663] Error for MAP2K1: Error: `group` must be NULL or a vector of the same length as the number of columns in `control`.
[2025-04-16 12:00:55.105237] Error for YEATS4: Error: `group` must be NULL or a vector of the same length as the number of columns in `control`.
[2025-04-16 12:00:55.1495] Error for ATXN7L3: Error: `group` must be NULL or a vector of the same length as the number of columns in `control`.
[2025-04-16 12:00:55.397529] Error for AHR: Error: `group` must be NULL or a vector of the same length as the number of columns in `control`.
[2025-04-16 12:00:55.426078] Error for PRDM1: Error: `group` must be NULL or a vector of the same length as the number of columns in `control`.
[2025-04-16 12:00:55.464662] Error for TNFAIP3: Error: `group` must be NULL or a vector of the same length as the number of columns in `control`.
[2025-04-16 12:00:55.506414] Error for JUNB: Error: `group` must be NULL or a vector of the same length as the number of columns in `control`.
[2025-04-16 12:00:55.743752] Error for TIRAP: Error: `group` must be NULL or a vector of the same length as the number of columns in `control`.
[2025-04-16 12:00:55.770103] Error for TRIB1: Error: `group` must be NULL or a vector of the same length as the number of columns in `control`.
[2025-04-16 12:00:55.805586] Error for PICALM: Error: `group` must be NULL or a vector of the same length as the number of columns in `control`.
[2025-04-16 12:00:55.851912] Error for EHMT2: Error: `group` must be NULL or a vector of the same length as the number of columns in `control`.
[2025-04-16 12:00:56.097825] Error for STAT1: Error: `group` must be NULL or a vector of the same length as the number of columns in `control`.
[2025-04-16 12:00:56.123107] Error for RELA: Error: `group` must be NULL or a vector of the same length as the number of columns in `control`.
[2025-04-16 12:00:56.157467] Error for TLR1: Error: `group` must be NULL or a vector of the same length as the number of columns in `control`.
[2025-04-16 12:00:56.196644] Error for CEBPG: Error: `group` must be NULL or a vector of the same length as the number of columns in `control`.
[2025-04-16 12:00:56.426016] Error for IRAK1: Error: `group` must be NULL or a vector of the same length as the number of columns in `control`.
[2025-04-16 12:00:56.451514] Error for MAP2K2: Error: `group` must be NULL or a vector of the same length as the number of columns in `control`.
[2025-04-16 12:00:56.486086] Error for DNTTIP1: Error: `group` must be NULL or a vector of the same length as the number of columns in `control`.
[2025-04-16 12:00:56.527262] Error for HSP90B1: Error: `group` must be NULL or a vector of the same length as the number of columns in `control`.
[2025-04-16 12:00:56.762728] Error for IRAK4: Error: `group` must be NULL or a vector of the same length as the number of columns in `control`.
[2025-04-16 12:00:56.789318] Error for TRAF6: Error: `group` must be NULL or a vector of the same length as the number of columns in `control`.
[2025-04-16 12:00:56.825493] Error for IKBKB: Error: `group` must be NULL or a vector of the same length as the number of columns in `control`.
[2025-04-16 12:00:56.869546] Error for RNF31: Error: `group` must be NULL or a vector of the same length as the number of columns in `control`.
[2025-04-16 12:00:57.105719] Error for MEF2C: Error: `group` must be NULL or a vector of the same length as the number of columns in `control`.
[2025-04-16 12:00:57.130968] Error for SBDS: Error: `group` must be NULL or a vector of the same length as the number of columns in `control`.
[2025-04-16 12:00:57.168173] Error for CSNK1A1: Error: `group` must be NULL or a vector of the same length as the number of columns in `control`.
[2025-04-16 12:00:57.213557] Error for ARPC4: Error: `group` must be NULL or a vector of the same length as the number of columns in `control`.
[2025-04-16 12:00:57.448464] Error for PPP2R1A: Error: `group` must be NULL or a vector of the same length as the number of columns in `control`.
[2025-04-16 12:00:57.475828] Error for MIDN: Error: `group` must be NULL or a vector of the same length as the number of columns in `control`.
[2025-04-16 12:00:57.510763] Error for XPR1: Error: `group` must be NULL or a vector of the same length as the number of columns in `control`.
[2025-04-16 12:00:57.554865] Error for TYK2: Error: `group` must be NULL or a vector of the same length as the number of columns in `control`.
[2025-04-16 12:00:57.793779] Error for CYLD: Error: `group` must be NULL or a vector of the same length as the number of columns in `control`.
[2025-04-16 12:00:57.820658] Error for ADO: Error: `group` must be NULL or a vector of the same length as the number of columns in `control`.
[2025-04-16 12:00:57.855711] Error for PGM3: Error: `group` must be NULL or a vector of the same length as the number of columns in `control`.
[2025-04-16 12:00:57.89987] Error for MAPK1: Error: `group` must be NULL or a vector of the same length as the number of columns in `control`.
[2025-04-16 12:00:58.144691] Error for TLR2: Error: `group` must be NULL or a vector of the same length as the number of columns in `control`.
[2025-04-16 12:00:58.169994] Error for STK11: Error: `group` must be NULL or a vector of the same length as the number of columns in `control`.
[2025-04-16 12:00:58.205472] Error for SEPHS2: Error: `group` must be NULL or a vector of the same length as the number of columns in `control`.
[2025-04-16 12:00:58.247606] Error for STAT2: Error: `group` must be NULL or a vector of the same length as the number of columns in `control`.
[2025-04-16 12:00:58.487046] Error for MAP3K7: Error: `group` must be NULL or a vector of the same length as the number of columns in `control`.
[2025-04-16 12:00:58.513024] Error for RAB5C: Error: `group` must be NULL or a vector of the same length as the number of columns in `control`.
[2025-04-16 12:00:58.553798] Error for ALG2: Error: `group` must be NULL or a vector of the same length as the number of columns in `control`.
[2025-04-16 12:01:07.564899] Error for MYD88: Error: `group` must be NULL or a vector of the same length as the number of columns in `control`.
[2025-04-16 12:01:07.804459] Error for IKBKG: Error: `group` must be NULL or a vector of the same length as the number of columns in `control`.
[2025-04-16 12:01:07.833165] Error for TAB1: Error: `group` must be NULL or a vector of the same length as the number of columns in `control`.
[2025-04-16 12:01:07.881297] Error for IFNAR1: Error: `group` must be NULL or a vector of the same length as the number of columns in `control`.
[2025-04-16 12:01:07.908684] Error for TXNDC17: Error: `group` must be NULL or a vector of the same length as the number of columns in `control`.
[2025-04-16 12:01:07.941851] Error for FLI1: Error: `group` must be NULL or a vector of the same length as the number of columns in `control`.
[2025-04-16 12:01:08.007823] Error for MAPK14: Error: `group` must be NULL or a vector of the same length as the number of columns in `control`.
[2025-04-16 12:01:08.035379] Error for KIDINS220: Error: `group` must be NULL or a vector of the same length as the number of columns in `control`.
[2025-04-16 12:01:08.072953] Error for MAP2K1: Error: `group` must be NULL or a vector of the same length as the number of columns in `control`.
[2025-04-16 12:01:08.117608] Error for YEATS4: Error: `group` must be NULL or a vector of the same length as the number of columns in `control`.
[2025-04-16 12:01:08.143364] Error for ATXN7L3: Error: `group` must be NULL or a vector of the same length as the number of columns in `control`.
[2025-04-16 12:01:08.181148] Error for AHR: Error: `group` must be NULL or a vector of the same length as the number of columns in `control`.
[2025-04-16 12:01:08.423918] Error for PRDM1: Error: `group` must be NULL or a vector of the same length as the number of columns in `control`.
[2025-04-16 12:01:08.450013] Error for TNFAIP3: Error: `group` must be NULL or a vector of the same length as the number of columns in `control`.
[2025-04-16 12:01:08.488585] Error for JUNB: Error: `group` must be NULL or a vector of the same length as the number of columns in `control`.
[2025-04-16 12:01:08.5343] Error for TIRAP: Error: `group` must be NULL or a vector of the same length as the number of columns in `control`.
[2025-04-16 12:01:08.562981] Error for TRIB1: Error: `group` must be NULL or a vector of the same length as the number of columns in `control`.
[2025-04-16 12:01:08.596489] Error for PICALM: Error: `group` must be NULL or a vector of the same length as the number of columns in `control`.
[2025-04-16 12:01:08.637434] Error for EHMT2: Error: `group` must be NULL or a vector of the same length as the number of columns in `control`.
[2025-04-16 12:01:08.871142] Error for STAT1: Error: `group` must be NULL or a vector of the same length as the number of columns in `control`.
[2025-04-16 12:01:08.897156] Error for RELA: Error: `group` must be NULL or a vector of the same length as the number of columns in `control`.
[2025-04-16 12:01:08.937602] Error for TLR1: Error: `group` must be NULL or a vector of the same length as the number of columns in `control`.
[2025-04-16 12:01:08.964813] Error for CEBPG: Error: `group` must be NULL or a vector of the same length as the number of columns in `control`.
[2025-04-16 12:01:09.000694] Error for IRAK1: Error: `group` must be NULL or a vector of the same length as the number of columns in `control`.
[2025-04-16 12:01:09.047611] Error for MAP2K2: Error: `group` must be NULL or a vector of the same length as the number of columns in `control`.
[2025-04-16 12:01:09.074591] Error for DNTTIP1: Error: `group` must be NULL or a vector of the same length as the number of columns in `control`.
[2025-04-16 12:01:09.112778] Error for HSP90B1: Error: `group` must be NULL or a vector of the same length as the number of columns in `control`.
[2025-04-16 12:01:09.137859] Error for IRAK4: Error: `group` must be NULL or a vector of the same length as the number of columns in `control`.
[2025-04-16 12:01:09.173929] Error for TRAF6: Error: `group` must be NULL or a vector of the same length as the number of columns in `control`.
[2025-04-16 12:01:09.244303] Error for IKBKB: Error: `group` must be NULL or a vector of the same length as the number of columns in `control`.
[2025-04-16 12:01:09.271036] Error for RNF31: Error: `group` must be NULL or a vector of the same length as the number of columns in `control`.
[2025-04-16 12:01:09.310896] Error for MEF2C: Error: `group` must be NULL or a vector of the same length as the number of columns in `control`.
[2025-04-16 12:01:09.356007] Error for SBDS: Error: `group` must be NULL or a vector of the same length as the number of columns in `control`.
[2025-04-16 12:01:09.384197] Error for CSNK1A1: Error: `group` must be NULL or a vector of the same length as the number of columns in `control`.
[2025-04-16 12:01:09.419615] Error for ARPC4: Error: `group` must be NULL or a vector of the same length as the number of columns in `control`.
[2025-04-16 12:01:09.661177] Error for PPP2R1A: Error: `group` must be NULL or a vector of the same length as the number of columns in `control`.
[2025-04-16 12:01:09.687205] Error for MIDN: Error: `group` must be NULL or a vector of the same length as the number of columns in `control`.
[2025-04-16 12:01:09.723971] Error for XPR1: Error: `group` must be NULL or a vector of the same length as the number of columns in `control`.
[2025-04-16 12:01:09.77034] Error for TYK2: Error: `group` must be NULL or a vector of the same length as the number of columns in `control`.
[2025-04-16 12:01:09.796387] Error for CYLD: Error: `group` must be NULL or a vector of the same length as the number of columns in `control`.
[2025-04-16 12:01:09.830717] Error for ADO: Error: `group` must be NULL or a vector of the same length as the number of columns in `control`.
[2025-04-16 12:01:09.868642] Error for PGM3: Error: `group` must be NULL or a vector of the same length as the number of columns in `control`.
[2025-04-16 12:01:10.101292] Error for MAPK1: Error: `group` must be NULL or a vector of the same length as the number of columns in `control`.
[2025-04-16 12:01:10.127481] Error for TLR2: Error: `group` must be NULL or a vector of the same length as the number of columns in `control`.
[2025-04-16 12:01:10.165595] Error for STK11: Error: `group` must be NULL or a vector of the same length as the number of columns in `control`.
[2025-04-16 12:01:10.190041] Error for SEPHS2: Error: `group` must be NULL or a vector of the same length as the number of columns in `control`.
[2025-04-16 12:01:10.225691] Error for STAT2: Error: `group` must be NULL or a vector of the same length as the number of columns in `control`.
[2025-04-16 12:01:10.281129] Error for MAP3K7: Error: `group` must be NULL or a vector of the same length as the number of columns in `control`.
[2025-04-16 12:01:10.306286] Error for RAB5C: Error: `group` must be NULL or a vector of the same length as the number of columns in `control`.
[2025-04-16 12:01:10.339105] Error for ALG2: Error: `group` must be NULL or a vector of the same length as the number of columns in `control`.
